app/build/outputs/logs/manifest-merger-debug-report.txt
-- Merging decision tree log ---
manifest
ADDED from src/main/AndroidManifest.xml:2:1-107:12
	package
		ADDED from src/main/AndroidManifest.xml:3:5-40
		INJECTED from src/main/AndroidManifest.xml
		INJECTED from src/main/AndroidManifest.xml
	android:versionName
		ADDED from src/main/AndroidManifest.xml:5:5-30
		INJECTED from src/main/AndroidManifest.xml
		INJECTED from src/main/AndroidManifest.xml
	android:versionCode
		ADDED from src/main/AndroidManifest.xml:4:5-28
		INJECTED from src/main/AndroidManifest.xml
		INJECTED from src/main/AndroidManifest.xml
	xmlns:android
		ADDED from src/main/AndroidManifest.xml:2:11-69
uses-sdk
ADDED from src/main/AndroidManifest.xml:7:5-9:41
MERGED from [com.android.support:support-v4:22.2.1] AndroidManifest.xml:20:5-43
MERGED from [com.android.support:appcompat-v7:22.2.1] AndroidManifest.xml:20:5-43
MERGED from [com.android.support:support-v4:22.2.1] AndroidManifest.xml:20:5-43
	android:targetSdkVersion
		ADDED from src/main/AndroidManifest.xml:9:9-38
		INJECTED from src/main/AndroidManifest.xml
		INJECTED from src/main/AndroidManifest.xml
	android:minSdkVersion
		ADDED from src/main/AndroidManifest.xml:8:9-35
		INJECTED from src/main/AndroidManifest.xml
		INJECTED from src/main/AndroidManifest.xml
uses-permission#com.android.alarm.permission.SET_ALARM
ADDED from src/main/AndroidManifest.xml:11:5-78
	android:name
		ADDED from src/main/AndroidManifest.xml:11:22-75
uses-permission#android.permission.INTERNET
ADDED from src/main/AndroidManifest.xml:12:5-67
	android:name
		ADDED from src/main/AndroidManifest.xml:12:22-64
uses-permission#android.permission.WRITE_EXTERNAL_STORAGE
ADDED from src/main/AndroidManifest.xml:13:5-81
	android:name
		ADDED from src/main/AndroidManifest.xml:13:22-78
application
ADDED from src/main/AndroidManifest.xml:16:5-105:19
MERGED from [com.android.support:support-v4:22.2.1] AndroidManifest.xml:22:5-20
MERGED from [com.android.support:appcompat-v7:22.2.1] AndroidManifest.xml:22:5-20
MERGED from [com.android.support:support-v4:22.2.1] AndroidManifest.xml:22:5-20
	android:label
		ADDED from src/main/AndroidManifest.xml:19:9-41
	android:allowBackup
		ADDED from src/main/AndroidManifest.xml:17:9-35
	android:icon
		ADDED from src/main/AndroidManifest.xml:18:9-43
	android:theme
		ADDED from src/main/AndroidManifest.xml:20:9-44
activity#com.ALS.als_testoftheday1.SplashScreen
ADDED from src/main/AndroidManifest.xml:21:9-29:20
	android:label
		ADDED from src/main/AndroidManifest.xml:23:13-45
	android:name
		ADDED from src/main/AndroidManifest.xml:22:13-41
intent-filter#android.intent.action.MAIN+android.intent.category.LAUNCHER
ADDED from src/main/AndroidManifest.xml:24:13-28:29
action#android.intent.action.MAIN
ADDED from src/main/AndroidManifest.xml:25:17-69
	android:name
		ADDED from src/main/AndroidManifest.xml:25:25-66
category#android.intent.category.LAUNCHER
ADDED from src/main/AndroidManifest.xml:27:17-77
	android:name
		ADDED from src/main/AndroidManifest.xml:27:27-74
activity#com.ALS.als_testoftheday1.TestOfTheDay
ADDED from src/main/AndroidManifest.xml:30:9-32:52
	android:screenOrientation
		ADDED from src/main/AndroidManifest.xml:32:13-49
	android:name
		ADDED from src/main/AndroidManifest.xml:31:13-41
receiver#com.ALS.als_testoftheday1.AlarmReciever
ADDED from src/main/AndroidManifest.xml:34:9-51
	android:name
		ADDED from src/main/AndroidManifest.xml:34:19-48
activity#com.ALS.als_testoftheday1.Teachers
ADDED from src/main/AndroidManifest.xml:36:9-40:20
	android:screenOrientation
		ADDED from src/main/AndroidManifest.xml:39:13-49
	android:label
		ADDED from src/main/AndroidManifest.xml:38:13-60
	android:name
		ADDED from src/main/AndroidManifest.xml:37:13-37
activity#com.ALS.als_testoftheday1.Help
ADDED from src/main/AndroidManifest.xml:41:9-45:20
	android:screenOrientation
		ADDED from src/main/AndroidManifest.xml:44:13-49
	android:label
		ADDED from src/main/AndroidManifest.xml:43:13-56
	android:name
		ADDED from src/main/AndroidManifest.xml:42:13-33
activity#com.ALS.als_testoftheday1.QuoteOfTheDayActivity
ADDED from src/main/AndroidManifest.xml:46:9-50:20
	android:screenOrientation
		ADDED from src/main/AndroidManifest.xml:49:13-49
	android:label
		ADDED from src/main/AndroidManifest.xml:48:13-68
	android:name
		ADDED from src/main/AndroidManifest.xml:47:13-50
activity#com.ALS.als_testoftheday1.PreviousTestsActivity
ADDED from src/main/AndroidManifest.xml:51:9-55:20
	android:screenOrientation
		ADDED from src/main/AndroidManifest.xml:54:13-49
	android:label
		ADDED from src/main/AndroidManifest.xml:53:13-66
	android:name
		ADDED from src/main/AndroidManifest.xml:52:13-50
activity#com.ALS.als_testoftheday1.Courses
ADDED from src/main/AndroidManifest.xml:56:9-60:20
	android:screenOrientation
		ADDED from src/main/AndroidManifest.xml:59:13-50
	android:label
		ADDED from src/main/AndroidManifest.xml:58:13-59
	android:name
		ADDED from src/main/AndroidManifest.xml:57:13-36
activity#com.ALS.als_testoftheday1.DoYouKnow
ADDED from src/main/AndroidManifest.xml:61:9-65:20
	android:screenOrientation
		ADDED from src/main/AndroidManifest.xml:64:13-49
	android:label
		ADDED from src/main/AndroidManifest.xml:63:13-63
	android:name
		ADDED from src/main/AndroidManifest.xml:62:13-38
activity#com.ALS.als_testoftheday1.ReviewPaper
ADDED from src/main/AndroidManifest.xml:66:9-69:20
	android:label
		ADDED from src/main/AndroidManifest.xml:68:13-64
	android:name
		ADDED from src/main/AndroidManifest.xml:67:13-40
activity#com.ALS.als_testoftheday1.RightQuestions
ADDED from src/main/AndroidManifest.xml:70:9-73:20
	android:label
		ADDED from src/main/AndroidManifest.xml:72:13-67
	android:name
		ADDED from src/main/AndroidManifest.xml:71:13-43
activity#com.ALS.als_testoftheday1.WrongQuestions
ADDED from src/main/AndroidManifest.xml:74:9-77:20
	android:label
		ADDED from src/main/AndroidManifest.xml:76:13-67
	android:name
		ADDED from src/main/AndroidManifest.xml:75:13-43
activity#com.ALS.als_testoftheday1.PreviousTestsReviewPaper
ADDED from src/main/AndroidManifest.xml:78:9-81:20
	android:label
		ADDED from src/main/AndroidManifest.xml:80:13-79
	android:name
		ADDED from src/main/AndroidManifest.xml:79:13-53
activity#com.ALS.als_testoftheday1.PreviousTestsWrongQuestions
ADDED from src/main/AndroidManifest.xml:82:9-85:20
	android:label
		ADDED from src/main/AndroidManifest.xml:84:13-82
	android:name
		ADDED from src/main/AndroidManifest.xml:83:13-56
activity#com.ALS.als_testoftheday1.PreviousTestsRightQuestions
ADDED from src/main/AndroidManifest.xml:86:9-89:20
	android:label
		ADDED from src/main/AndroidManifest.xml:88:13-82
	android:name
		ADDED from src/main/AndroidManifest.xml:87:13-56
activity#com.ALS.als_testoftheday1.MainActivity
ADDED from src/main/AndroidManifest.xml:93:9-96:20
	android:label
		ADDED from src/main/AndroidManifest.xml:95:13-65
	android:name
		ADDED from src/main/AndroidManifest.xml:94:13-41
activity#com.ALS.als_testoftheday1.ChooseTestNumber
ADDED from src/main/AndroidManifest.xml:97:9-100:20
	android:label
		ADDED from src/main/AndroidManifest.xml:99:13-70
	android:name
		ADDED from src/main/AndroidManifest.xml:98:13-45
activity#com.ALS.als_testoftheday1.WordOfTheDay
ADDED from src/main/AndroidManifest.xml:101:9-104:20
	android:label
		ADDED from src/main/AndroidManifest.xml:103:13-67
	android:name
		ADDED from src/main/AndroidManifest.xml:102:13-41